<?xml version="1.0" encoding="UTF-8" standalone="yes"?>
<testsuites name="LoginPage" time="69" tests="9" failures="0" errors="0">
    <testsuite name="LoginPage" tests="9" failures="0" errors="0" time="69" timestamp="2019-10-25 15:37:47" hostname="vladi - DESKTOP-728KFTB" id="Test Suites/LoginPage">
        <properties>
            <property name="deviceName" value=""/>
            <property name="devicePlatform" value=""/>
            <property name="logFolder" value="C:\\Users\\vladi\\Katalon Studio\\hcc_asset_server\\Reports\\20191025_153609\\LoginPage\\20191025_153612"/>
            <property name="logFiles" value="C:\\Users\\vladi\\Katalon Studio\\hcc_asset_server\\Reports\\20191025_153609\\LoginPage\\20191025_153612\\execution0.log"/>
            <property name="attachments" value=""/>
            <property name="hostName" value="vladi - DESKTOP-728KFTB"/>
            <property name="os" value="Windows 10 64bit"/>
            <property name="katalonVersion" value="6.3.3.11"/>
            <property name="browser" value="Firefox 69.0"/>
            <property name="hostAddress" value="10.1.4.106"/>
            <property name="sessionId" value="e6a41226-6a43-4155-8f34-50e0304aa13a"/>
            <property name="seleniumVersion" value="3.141.59"/>
            <property name="proxyInformation" value="ProxyInformation{proxyOption=NO_PROXY, proxyServerType=HTTP, password=, proxyServerAddress=, proxyServerPort=0}"/>
            <property name="platform" value="Windows 10"/>
        </properties>
        <testcase name="Test Cases/LoginPage/CheckElementsOfPage" classname="Test Cases/LoginPage/CheckElementsOfPage" status="PASSED">
            <system-out>2019-10-25 15:37:47 - [TEST_CASE][PASSED] - Test Cases/LoginPage/CheckElementsOfPage: Test Cases/LoginPage/CheckElementsOfPage&#xD;
&#xD;
2019-10-25 15:37:48 - [TEST_STEP][PASSED] - openBrowser("http://hcc-asset-server.program-ace.net/login"): Browser is opened with url: 'http://hcc-asset-server.program-ace.net/login'&#xD;
&#xD;
2019-10-25 15:37:48 - [MESSAGE][INFO] - Starting 'Firefox' driver&#xD;
&#xD;
2019-10-25 15:37:48 - [MESSAGE][INFO] - Action delay is set to 0 seconds&#xD;
&#xD;
2019-10-25 15:37:53 - [MESSAGE][PASSED] - Browser is opened with url: 'http://hcc-asset-server.program-ace.net/login'&#xD;
&#xD;
2019-10-25 15:37:53 - [TEST_STEP][PASSED] - checkElementsPresents(): null&#xD;
&#xD;
2019-10-25 15:37:53 - [TEST_STEP][PASSED] - verifyElementPresent(findTestObject("Object Repository/LoginPage/button_Login"), 1): Object 'Object Repository/LoginPage/button_Login' is present&#xD;
&#xD;
2019-10-25 15:37:53 - [MESSAGE][PASSED] - Object 'Object Repository/LoginPage/button_Login' is present&#xD;
&#xD;
2019-10-25 15:37:53 - [TEST_STEP][PASSED] - verifyElementPresent(findTestObject("Object Repository/LoginPage/EmailField(Username)"), 1): Object 'Object Repository/LoginPage/EmailField(Username)' is present&#xD;
&#xD;
2019-10-25 15:37:53 - [MESSAGE][PASSED] - Object 'Object Repository/LoginPage/EmailField(Username)' is present&#xD;
&#xD;
2019-10-25 15:37:53 - [TEST_STEP][PASSED] - verifyElementPresent(findTestObject("Object Repository/LoginPage/h1_Welcome Back"), 1): Object 'Object Repository/LoginPage/h1_Welcome Back' is present&#xD;
&#xD;
2019-10-25 15:37:53 - [MESSAGE][PASSED] - Object 'Object Repository/LoginPage/h1_Welcome Back' is present&#xD;
&#xD;
2019-10-25 15:37:53 - [TEST_STEP][PASSED] - verifyElementPresent(findTestObject("Object Repository/LoginPage/Image"), 1): Object 'Object Repository/LoginPage/Image' is present&#xD;
&#xD;
2019-10-25 15:37:53 - [MESSAGE][PASSED] - Object 'Object Repository/LoginPage/Image' is present&#xD;
&#xD;
2019-10-25 15:37:53 - [TEST_STEP][PASSED] - verifyElementPresent(findTestObject("Object Repository/LoginPage/PasswordField"), 1): Object 'Object Repository/LoginPage/PasswordField' is present&#xD;
&#xD;
2019-10-25 15:37:53 - [MESSAGE][PASSED] - Object 'Object Repository/LoginPage/PasswordField' is present&#xD;
&#xD;
2019-10-25 15:37:53 - [TEST_STEP][PASSED] - verifyElementPresent(findTestObject("Object Repository/LoginPage/Remember Me Checkbox"), 1): Object 'Object Repository/LoginPage/Remember Me Checkbox' is present&#xD;
&#xD;
2019-10-25 15:37:53 - [MESSAGE][PASSED] - Object 'Object Repository/LoginPage/Remember Me Checkbox' is present&#xD;
&#xD;
2019-10-25 15:37:53 - [TEST_STEP][PASSED] - setViewPortSize(1920, 1080): Viewport is set to new size with width = 1920 and height = 1080&#xD;
&#xD;
2019-10-25 15:37:53 - [MESSAGE][PASSED] - Viewport is set to new size with width = 1920 and height = 1080&#xD;
&#xD;
2019-10-25 15:37:54 - [TEST_STEP][PASSED] - checkElementsVisible(): null&#xD;
&#xD;
2019-10-25 15:37:54 - [TEST_STEP][PASSED] - verifyElementVisible(findTestObject("Object Repository/LoginPage/button_Login")): Object 'Object Repository/LoginPage/button_Login' is visible&#xD;
&#xD;
2019-10-25 15:37:54 - [MESSAGE][PASSED] - Object 'Object Repository/LoginPage/button_Login' is visible&#xD;
&#xD;
2019-10-25 15:37:54 - [TEST_STEP][PASSED] - verifyElementVisible(findTestObject("Object Repository/LoginPage/EmailField(Username)")): Object 'Object Repository/LoginPage/EmailField(Username)' is visible&#xD;
&#xD;
2019-10-25 15:37:54 - [MESSAGE][PASSED] - Object 'Object Repository/LoginPage/EmailField(Username)' is visible&#xD;
&#xD;
2019-10-25 15:37:54 - [TEST_STEP][PASSED] - verifyElementVisible(findTestObject("Object Repository/LoginPage/h1_Welcome Back")): Object 'Object Repository/LoginPage/h1_Welcome Back' is visible&#xD;
&#xD;
2019-10-25 15:37:54 - [MESSAGE][PASSED] - Object 'Object Repository/LoginPage/h1_Welcome Back' is visible&#xD;
&#xD;
2019-10-25 15:37:54 - [TEST_STEP][PASSED] - verifyElementVisible(findTestObject("Object Repository/LoginPage/Image")): Object 'Object Repository/LoginPage/Image' is visible&#xD;
&#xD;
2019-10-25 15:37:54 - [MESSAGE][PASSED] - Object 'Object Repository/LoginPage/Image' is visible&#xD;
&#xD;
2019-10-25 15:37:54 - [TEST_STEP][PASSED] - verifyElementVisible(findTestObject("Object Repository/LoginPage/PasswordField")): Object 'Object Repository/LoginPage/PasswordField' is visible&#xD;
&#xD;
2019-10-25 15:37:54 - [MESSAGE][PASSED] - Object 'Object Repository/LoginPage/PasswordField' is visible&#xD;
&#xD;
2019-10-25 15:37:54 - [TEST_STEP][PASSED] - verifyElementVisible(findTestObject("Object Repository/LoginPage/Remember Me Checkbox")): Object 'Object Repository/LoginPage/Remember Me Checkbox' is visible&#xD;
&#xD;
2019-10-25 15:37:54 - [MESSAGE][PASSED] - Object 'Object Repository/LoginPage/Remember Me Checkbox' is visible&#xD;
&#xD;
2019-10-25 15:37:54 - [TEST_STEP][PASSED] - setViewPortSize(1024, 750): Viewport is set to new size with width = 1024 and height = 750&#xD;
&#xD;
2019-10-25 15:37:54 - [MESSAGE][PASSED] - Viewport is set to new size with width = 1024 and height = 750&#xD;
&#xD;
2019-10-25 15:37:54 - [TEST_STEP][PASSED] - checkElementsVisible(): null&#xD;
&#xD;
2019-10-25 15:37:54 - [TEST_STEP][PASSED] - verifyElementVisible(findTestObject("Object Repository/LoginPage/button_Login")): Object 'Object Repository/LoginPage/button_Login' is visible&#xD;
&#xD;
2019-10-25 15:37:54 - [MESSAGE][PASSED] - Object 'Object Repository/LoginPage/button_Login' is visible&#xD;
&#xD;
2019-10-25 15:37:54 - [TEST_STEP][PASSED] - verifyElementVisible(findTestObject("Object Repository/LoginPage/EmailField(Username)")): Object 'Object Repository/LoginPage/EmailField(Username)' is visible&#xD;
&#xD;
2019-10-25 15:37:54 - [MESSAGE][PASSED] - Object 'Object Repository/LoginPage/EmailField(Username)' is visible&#xD;
&#xD;
2019-10-25 15:37:54 - [TEST_STEP][PASSED] - verifyElementVisible(findTestObject("Object Repository/LoginPage/h1_Welcome Back")): Object 'Object Repository/LoginPage/h1_Welcome Back' is visible&#xD;
&#xD;
2019-10-25 15:37:54 - [MESSAGE][PASSED] - Object 'Object Repository/LoginPage/h1_Welcome Back' is visible&#xD;
&#xD;
2019-10-25 15:37:54 - [TEST_STEP][PASSED] - verifyElementVisible(findTestObject("Object Repository/LoginPage/Image")): Object 'Object Repository/LoginPage/Image' is visible&#xD;
&#xD;
2019-10-25 15:37:54 - [MESSAGE][PASSED] - Object 'Object Repository/LoginPage/Image' is visible&#xD;
&#xD;
2019-10-25 15:37:54 - [TEST_STEP][PASSED] - verifyElementVisible(findTestObject("Object Repository/LoginPage/PasswordField")): Object 'Object Repository/LoginPage/PasswordField' is visible&#xD;
&#xD;
2019-10-25 15:37:54 - [MESSAGE][PASSED] - Object 'Object Repository/LoginPage/PasswordField' is visible&#xD;
&#xD;
2019-10-25 15:37:54 - [TEST_STEP][PASSED] - verifyElementVisible(findTestObject("Object Repository/LoginPage/Remember Me Checkbox")): Object 'Object Repository/LoginPage/Remember Me Checkbox' is visible&#xD;
&#xD;
2019-10-25 15:37:54 - [MESSAGE][PASSED] - Object 'Object Repository/LoginPage/Remember Me Checkbox' is visible</system-out>
            <system-err></system-err>
        </testcase>
        <testcase name="Test Cases/LoginPage/Login by Username" classname="Test Cases/LoginPage/Login by Username" status="PASSED">
            <system-out>2019-10-25 15:37:54 - [TEST_CASE][PASSED] - Test Cases/LoginPage/Login by Username: Test Cases/LoginPage/Login by Username&#xD;
&#xD;
2019-10-25 15:37:55 - [TEST_STEP][PASSED] - openBrowser("http://hcc-asset-server.program-ace.net/login"): Browser is opened with url: 'http://hcc-asset-server.program-ace.net/login'&#xD;
&#xD;
2019-10-25 15:37:55 - [MESSAGE][WARNING] - A browser is already opened. Closing browser and opening a new one&#xD;
&#xD;
2019-10-25 15:37:56 - [MESSAGE][INFO] - Starting 'Firefox' driver&#xD;
&#xD;
2019-10-25 15:37:59 - [MESSAGE][PASSED] - Browser is opened with url: 'http://hcc-asset-server.program-ace.net/login'&#xD;
&#xD;
2019-10-25 15:37:59 - [TEST_STEP][PASSED] - maximizeWindow(): Current window maximized&#xD;
&#xD;
2019-10-25 15:37:59 - [MESSAGE][PASSED] - Current window maximized&#xD;
&#xD;
2019-10-25 15:37:59 - [TEST_STEP][PASSED] - setText(findTestObject("LoginPage/EmailField(Username)"), Username, CONTINUE_ON_FAILURE): Text 'admin' is set on object 'Object Repository/LoginPage/EmailField(Username)'&#xD;
&#xD;
2019-10-25 15:38:00 - [MESSAGE][PASSED] - Text 'admin' is set on object 'Object Repository/LoginPage/EmailField(Username)'&#xD;
&#xD;
2019-10-25 15:38:00 - [TEST_STEP][PASSED] - setText(findTestObject("LoginPage/PasswordField"), Password, CONTINUE_ON_FAILURE): Text 'admin' is set on object 'Object Repository/LoginPage/PasswordField'&#xD;
&#xD;
2019-10-25 15:38:00 - [MESSAGE][PASSED] - Text 'admin' is set on object 'Object Repository/LoginPage/PasswordField'&#xD;
&#xD;
2019-10-25 15:38:00 - [TEST_STEP][PASSED] - click(findTestObject("LoginPage/Remember Me Checkbox")): Object: 'Object Repository/LoginPage/Remember Me Checkbox' is clicked on&#xD;
&#xD;
2019-10-25 15:38:00 - [MESSAGE][PASSED] - Object: 'Object Repository/LoginPage/Remember Me Checkbox' is clicked on&#xD;
&#xD;
2019-10-25 15:38:00 - [TEST_STEP][PASSED] - click(findTestObject("LoginPage/button_Login")): Object: 'Object Repository/LoginPage/button_Login' is clicked on&#xD;
&#xD;
2019-10-25 15:38:01 - [MESSAGE][PASSED] - Object: 'Object Repository/LoginPage/button_Login' is clicked on&#xD;
&#xD;
2019-10-25 15:38:01 - [TEST_STEP][PASSED] - checkElementsVisible(): null&#xD;
&#xD;
2019-10-25 15:38:01 - [TEST_STEP][PASSED] - verifyElementVisible(findTestObject("Object Repository/Dashboard/miniAvatarIcon")): Object 'Object Repository/Dashboard/miniAvatarIcon' is visible&#xD;
&#xD;
2019-10-25 15:38:01 - [MESSAGE][PASSED] - Object 'Object Repository/Dashboard/miniAvatarIcon' is visible&#xD;
&#xD;
2019-10-25 15:38:01 - [TEST_STEP][PASSED] - verifyElementVisible(findTestObject("Object Repository/Dashboard/DashboardHeader")): Object 'Object Repository/Dashboard/DashboardHeader' is visible&#xD;
&#xD;
2019-10-25 15:38:01 - [MESSAGE][PASSED] - Object 'Object Repository/Dashboard/DashboardHeader' is visible&#xD;
&#xD;
2019-10-25 15:38:01 - [TEST_STEP][PASSED] - verifyElementVisible(findTestObject("Object Repository/Dashboard/time")): Object 'Object Repository/Dashboard/time' is visible&#xD;
&#xD;
2019-10-25 15:38:01 - [MESSAGE][PASSED] - Object 'Object Repository/Dashboard/time' is visible&#xD;
&#xD;
2019-10-25 15:38:01 - [TEST_STEP][PASSED] - verifyElementVisible(findTestObject("Object Repository/Dashboard/TitleOfPage")): Object 'Object Repository/Dashboard/TitleOfPage' is visible&#xD;
&#xD;
2019-10-25 15:38:01 - [MESSAGE][PASSED] - Object 'Object Repository/Dashboard/TitleOfPage' is visible&#xD;
&#xD;
2019-10-25 15:38:01 - [TEST_STEP][PASSED] - checkElementsPresents(): null&#xD;
&#xD;
2019-10-25 15:38:01 - [TEST_STEP][PASSED] - verifyElementPresent(findTestObject("Object Repository/Dashboard/DashboardHeader"), 1): Object 'Object Repository/Dashboard/DashboardHeader' is present&#xD;
&#xD;
2019-10-25 15:38:01 - [MESSAGE][PASSED] - Object 'Object Repository/Dashboard/DashboardHeader' is present&#xD;
&#xD;
2019-10-25 15:38:01 - [TEST_STEP][PASSED] - verifyElementPresent(findTestObject("Object Repository/Dashboard/DashboardHeader"), 1): Object 'Object Repository/Dashboard/DashboardHeader' is present&#xD;
&#xD;
2019-10-25 15:38:01 - [MESSAGE][PASSED] - Object 'Object Repository/Dashboard/DashboardHeader' is present&#xD;
&#xD;
2019-10-25 15:38:01 - [TEST_STEP][PASSED] - verifyElementPresent(findTestObject("Object Repository/Dashboard/time"), 1): Object 'Object Repository/Dashboard/time' is present&#xD;
&#xD;
2019-10-25 15:38:01 - [MESSAGE][PASSED] - Object 'Object Repository/Dashboard/time' is present&#xD;
&#xD;
2019-10-25 15:38:01 - [TEST_STEP][PASSED] - verifyElementPresent(findTestObject("Object Repository/Dashboard/TitleOfPage"), 1): Object 'Object Repository/Dashboard/TitleOfPage' is present&#xD;
&#xD;
2019-10-25 15:38:01 - [MESSAGE][PASSED] - Object 'Object Repository/Dashboard/TitleOfPage' is present</system-out>
            <system-err></system-err>
        </testcase>
        <testcase name="Test Cases/LoginPage/Login by Username" classname="Test Cases/LoginPage/Login by Username" status="PASSED">
            <system-out>2019-10-25 15:38:01 - [TEST_CASE][PASSED] - Test Cases/LoginPage/Login by Username: Test Cases/LoginPage/Login by Username&#xD;
&#xD;
2019-10-25 15:38:01 - [TEST_STEP][PASSED] - openBrowser("http://hcc-asset-server.program-ace.net/login"): Browser is opened with url: 'http://hcc-asset-server.program-ace.net/login'&#xD;
&#xD;
2019-10-25 15:38:01 - [MESSAGE][WARNING] - A browser is already opened. Closing browser and opening a new one&#xD;
&#xD;
2019-10-25 15:38:02 - [MESSAGE][INFO] - Starting 'Firefox' driver&#xD;
&#xD;
2019-10-25 15:38:06 - [MESSAGE][PASSED] - Browser is opened with url: 'http://hcc-asset-server.program-ace.net/login'&#xD;
&#xD;
2019-10-25 15:38:06 - [TEST_STEP][PASSED] - maximizeWindow(): Current window maximized&#xD;
&#xD;
2019-10-25 15:38:06 - [MESSAGE][PASSED] - Current window maximized&#xD;
&#xD;
2019-10-25 15:38:06 - [TEST_STEP][PASSED] - setText(findTestObject("LoginPage/EmailField(Username)"), Username, CONTINUE_ON_FAILURE): Text 'admin1' is set on object 'Object Repository/LoginPage/EmailField(Username)'&#xD;
&#xD;
2019-10-25 15:38:06 - [MESSAGE][PASSED] - Text 'admin1' is set on object 'Object Repository/LoginPage/EmailField(Username)'&#xD;
&#xD;
2019-10-25 15:38:06 - [TEST_STEP][PASSED] - setText(findTestObject("LoginPage/PasswordField"), Password, CONTINUE_ON_FAILURE): Text 'admin1admin1' is set on object 'Object Repository/LoginPage/PasswordField'&#xD;
&#xD;
2019-10-25 15:38:06 - [MESSAGE][PASSED] - Text 'admin1admin1' is set on object 'Object Repository/LoginPage/PasswordField'&#xD;
&#xD;
2019-10-25 15:38:06 - [TEST_STEP][PASSED] - click(findTestObject("LoginPage/Remember Me Checkbox")): Object: 'Object Repository/LoginPage/Remember Me Checkbox' is clicked on&#xD;
&#xD;
2019-10-25 15:38:07 - [MESSAGE][PASSED] - Object: 'Object Repository/LoginPage/Remember Me Checkbox' is clicked on&#xD;
&#xD;
2019-10-25 15:38:07 - [TEST_STEP][PASSED] - click(findTestObject("LoginPage/button_Login")): Object: 'Object Repository/LoginPage/button_Login' is clicked on&#xD;
&#xD;
2019-10-25 15:38:07 - [MESSAGE][PASSED] - Object: 'Object Repository/LoginPage/button_Login' is clicked on&#xD;
&#xD;
2019-10-25 15:38:07 - [TEST_STEP][PASSED] - checkElementsVisible(): null&#xD;
&#xD;
2019-10-25 15:38:07 - [TEST_STEP][PASSED] - verifyElementVisible(findTestObject("Object Repository/Dashboard/miniAvatarIcon")): Object 'Object Repository/Dashboard/miniAvatarIcon' is visible&#xD;
&#xD;
2019-10-25 15:38:07 - [MESSAGE][PASSED] - Object 'Object Repository/Dashboard/miniAvatarIcon' is visible&#xD;
&#xD;
2019-10-25 15:38:07 - [TEST_STEP][PASSED] - verifyElementVisible(findTestObject("Object Repository/Dashboard/DashboardHeader")): Object 'Object Repository/Dashboard/DashboardHeader' is visible&#xD;
&#xD;
2019-10-25 15:38:07 - [MESSAGE][PASSED] - Object 'Object Repository/Dashboard/DashboardHeader' is visible&#xD;
&#xD;
2019-10-25 15:38:07 - [TEST_STEP][PASSED] - verifyElementVisible(findTestObject("Object Repository/Dashboard/time")): Object 'Object Repository/Dashboard/time' is visible&#xD;
&#xD;
2019-10-25 15:38:07 - [MESSAGE][PASSED] - Object 'Object Repository/Dashboard/time' is visible&#xD;
&#xD;
2019-10-25 15:38:07 - [TEST_STEP][PASSED] - verifyElementVisible(findTestObject("Object Repository/Dashboard/TitleOfPage")): Object 'Object Repository/Dashboard/TitleOfPage' is visible&#xD;
&#xD;
2019-10-25 15:38:08 - [MESSAGE][PASSED] - Object 'Object Repository/Dashboard/TitleOfPage' is visible&#xD;
&#xD;
2019-10-25 15:38:08 - [TEST_STEP][PASSED] - checkElementsPresents(): null&#xD;
&#xD;
2019-10-25 15:38:08 - [TEST_STEP][PASSED] - verifyElementPresent(findTestObject("Object Repository/Dashboard/DashboardHeader"), 1): Object 'Object Repository/Dashboard/DashboardHeader' is present&#xD;
&#xD;
2019-10-25 15:38:08 - [MESSAGE][PASSED] - Object 'Object Repository/Dashboard/DashboardHeader' is present&#xD;
&#xD;
2019-10-25 15:38:08 - [TEST_STEP][PASSED] - verifyElementPresent(findTestObject("Object Repository/Dashboard/DashboardHeader"), 1): Object 'Object Repository/Dashboard/DashboardHeader' is present&#xD;
&#xD;
2019-10-25 15:38:08 - [MESSAGE][PASSED] - Object 'Object Repository/Dashboard/DashboardHeader' is present&#xD;
&#xD;
2019-10-25 15:38:08 - [TEST_STEP][PASSED] - verifyElementPresent(findTestObject("Object Repository/Dashboard/time"), 1): Object 'Object Repository/Dashboard/time' is present&#xD;
&#xD;
2019-10-25 15:38:08 - [MESSAGE][PASSED] - Object 'Object Repository/Dashboard/time' is present&#xD;
&#xD;
2019-10-25 15:38:08 - [TEST_STEP][PASSED] - verifyElementPresent(findTestObject("Object Repository/Dashboard/TitleOfPage"), 1): Object 'Object Repository/Dashboard/TitleOfPage' is present&#xD;
&#xD;
2019-10-25 15:38:08 - [MESSAGE][PASSED] - Object 'Object Repository/Dashboard/TitleOfPage' is present</system-out>
            <system-err></system-err>
        </testcase>
        <testcase name="Test Cases/LoginPage/Login by Username" classname="Test Cases/LoginPage/Login by Username" status="PASSED">
            <system-out>2019-10-25 15:38:08 - [TEST_CASE][PASSED] - Test Cases/LoginPage/Login by Username: Test Cases/LoginPage/Login by Username&#xD;
&#xD;
2019-10-25 15:38:08 - [TEST_STEP][PASSED] - openBrowser("http://hcc-asset-server.program-ace.net/login"): Browser is opened with url: 'http://hcc-asset-server.program-ace.net/login'&#xD;
&#xD;
2019-10-25 15:38:08 - [MESSAGE][WARNING] - A browser is already opened. Closing browser and opening a new one&#xD;
&#xD;
2019-10-25 15:38:09 - [MESSAGE][INFO] - Starting 'Firefox' driver&#xD;
&#xD;
2019-10-25 15:38:13 - [MESSAGE][PASSED] - Browser is opened with url: 'http://hcc-asset-server.program-ace.net/login'&#xD;
&#xD;
2019-10-25 15:38:13 - [TEST_STEP][PASSED] - maximizeWindow(): Current window maximized&#xD;
&#xD;
2019-10-25 15:38:13 - [MESSAGE][PASSED] - Current window maximized&#xD;
&#xD;
2019-10-25 15:38:13 - [TEST_STEP][PASSED] - setText(findTestObject("LoginPage/EmailField(Username)"), Username, CONTINUE_ON_FAILURE): Text 'user1' is set on object 'Object Repository/LoginPage/EmailField(Username)'&#xD;
&#xD;
2019-10-25 15:38:13 - [MESSAGE][PASSED] - Text 'user1' is set on object 'Object Repository/LoginPage/EmailField(Username)'&#xD;
&#xD;
2019-10-25 15:38:13 - [TEST_STEP][PASSED] - setText(findTestObject("LoginPage/PasswordField"), Password, CONTINUE_ON_FAILURE): Text 'user1user1' is set on object 'Object Repository/LoginPage/PasswordField'&#xD;
&#xD;
2019-10-25 15:38:13 - [MESSAGE][PASSED] - Text 'user1user1' is set on object 'Object Repository/LoginPage/PasswordField'&#xD;
&#xD;
2019-10-25 15:38:13 - [TEST_STEP][PASSED] - click(findTestObject("LoginPage/Remember Me Checkbox")): Object: 'Object Repository/LoginPage/Remember Me Checkbox' is clicked on&#xD;
&#xD;
2019-10-25 15:38:13 - [MESSAGE][PASSED] - Object: 'Object Repository/LoginPage/Remember Me Checkbox' is clicked on&#xD;
&#xD;
2019-10-25 15:38:13 - [TEST_STEP][PASSED] - click(findTestObject("LoginPage/button_Login")): Object: 'Object Repository/LoginPage/button_Login' is clicked on&#xD;
&#xD;
2019-10-25 15:38:14 - [MESSAGE][PASSED] - Object: 'Object Repository/LoginPage/button_Login' is clicked on&#xD;
&#xD;
2019-10-25 15:38:14 - [TEST_STEP][PASSED] - checkElementsVisible(): null&#xD;
&#xD;
2019-10-25 15:38:14 - [TEST_STEP][PASSED] - verifyElementVisible(findTestObject("Object Repository/Dashboard/miniAvatarIcon")): Object 'Object Repository/Dashboard/miniAvatarIcon' is visible&#xD;
&#xD;
2019-10-25 15:38:14 - [MESSAGE][PASSED] - Object 'Object Repository/Dashboard/miniAvatarIcon' is visible&#xD;
&#xD;
2019-10-25 15:38:14 - [TEST_STEP][PASSED] - verifyElementVisible(findTestObject("Object Repository/Dashboard/DashboardHeader")): Object 'Object Repository/Dashboard/DashboardHeader' is visible&#xD;
&#xD;
2019-10-25 15:38:14 - [MESSAGE][PASSED] - Object 'Object Repository/Dashboard/DashboardHeader' is visible&#xD;
&#xD;
2019-10-25 15:38:14 - [TEST_STEP][PASSED] - verifyElementVisible(findTestObject("Object Repository/Dashboard/time")): Object 'Object Repository/Dashboard/time' is visible&#xD;
&#xD;
2019-10-25 15:38:14 - [MESSAGE][PASSED] - Object 'Object Repository/Dashboard/time' is visible&#xD;
&#xD;
2019-10-25 15:38:14 - [TEST_STEP][PASSED] - verifyElementVisible(findTestObject("Object Repository/Dashboard/TitleOfPage")): Object 'Object Repository/Dashboard/TitleOfPage' is visible&#xD;
&#xD;
2019-10-25 15:38:14 - [MESSAGE][PASSED] - Object 'Object Repository/Dashboard/TitleOfPage' is visible&#xD;
&#xD;
2019-10-25 15:38:14 - [TEST_STEP][PASSED] - checkElementsPresents(): null&#xD;
&#xD;
2019-10-25 15:38:14 - [TEST_STEP][PASSED] - verifyElementPresent(findTestObject("Object Repository/Dashboard/DashboardHeader"), 1): Object 'Object Repository/Dashboard/DashboardHeader' is present&#xD;
&#xD;
2019-10-25 15:38:14 - [MESSAGE][PASSED] - Object 'Object Repository/Dashboard/DashboardHeader' is present&#xD;
&#xD;
2019-10-25 15:38:14 - [TEST_STEP][PASSED] - verifyElementPresent(findTestObject("Object Repository/Dashboard/DashboardHeader"), 1): Object 'Object Repository/Dashboard/DashboardHeader' is present&#xD;
&#xD;
2019-10-25 15:38:14 - [MESSAGE][PASSED] - Object 'Object Repository/Dashboard/DashboardHeader' is present&#xD;
&#xD;
2019-10-25 15:38:14 - [TEST_STEP][PASSED] - verifyElementPresent(findTestObject("Object Repository/Dashboard/time"), 1): Object 'Object Repository/Dashboard/time' is present&#xD;
&#xD;
2019-10-25 15:38:14 - [MESSAGE][PASSED] - Object 'Object Repository/Dashboard/time' is present&#xD;
&#xD;
2019-10-25 15:38:14 - [TEST_STEP][PASSED] - verifyElementPresent(findTestObject("Object Repository/Dashboard/TitleOfPage"), 1): Object 'Object Repository/Dashboard/TitleOfPage' is present&#xD;
&#xD;
2019-10-25 15:38:14 - [MESSAGE][PASSED] - Object 'Object Repository/Dashboard/TitleOfPage' is present</system-out>
            <system-err></system-err>
        </testcase>
        <testcase name="Test Cases/LoginPage/Login by Username" classname="Test Cases/LoginPage/Login by Username" status="PASSED">
            <system-out>2019-10-25 15:38:14 - [TEST_CASE][PASSED] - Test Cases/LoginPage/Login by Username: Test Cases/LoginPage/Login by Username&#xD;
&#xD;
2019-10-25 15:38:15 - [TEST_STEP][PASSED] - openBrowser("http://hcc-asset-server.program-ace.net/login"): Browser is opened with url: 'http://hcc-asset-server.program-ace.net/login'&#xD;
&#xD;
2019-10-25 15:38:15 - [MESSAGE][WARNING] - A browser is already opened. Closing browser and opening a new one&#xD;
&#xD;
2019-10-25 15:38:15 - [MESSAGE][INFO] - Starting 'Firefox' driver&#xD;
&#xD;
2019-10-25 15:38:19 - [MESSAGE][PASSED] - Browser is opened with url: 'http://hcc-asset-server.program-ace.net/login'&#xD;
&#xD;
2019-10-25 15:38:19 - [TEST_STEP][PASSED] - maximizeWindow(): Current window maximized&#xD;
&#xD;
2019-10-25 15:38:19 - [MESSAGE][PASSED] - Current window maximized&#xD;
&#xD;
2019-10-25 15:38:19 - [TEST_STEP][PASSED] - setText(findTestObject("LoginPage/EmailField(Username)"), Username, CONTINUE_ON_FAILURE): Text 'manager1' is set on object 'Object Repository/LoginPage/EmailField(Username)'&#xD;
&#xD;
2019-10-25 15:38:19 - [MESSAGE][PASSED] - Text 'manager1' is set on object 'Object Repository/LoginPage/EmailField(Username)'&#xD;
&#xD;
2019-10-25 15:38:19 - [TEST_STEP][PASSED] - setText(findTestObject("LoginPage/PasswordField"), Password, CONTINUE_ON_FAILURE): Text 'manager1manager1' is set on object 'Object Repository/LoginPage/PasswordField'&#xD;
&#xD;
2019-10-25 15:38:20 - [MESSAGE][PASSED] - Text 'manager1manager1' is set on object 'Object Repository/LoginPage/PasswordField'&#xD;
&#xD;
2019-10-25 15:38:20 - [TEST_STEP][PASSED] - click(findTestObject("LoginPage/Remember Me Checkbox")): Object: 'Object Repository/LoginPage/Remember Me Checkbox' is clicked on&#xD;
&#xD;
2019-10-25 15:38:20 - [MESSAGE][PASSED] - Object: 'Object Repository/LoginPage/Remember Me Checkbox' is clicked on&#xD;
&#xD;
2019-10-25 15:38:20 - [TEST_STEP][PASSED] - click(findTestObject("LoginPage/button_Login")): Object: 'Object Repository/LoginPage/button_Login' is clicked on&#xD;
&#xD;
2019-10-25 15:38:21 - [MESSAGE][PASSED] - Object: 'Object Repository/LoginPage/button_Login' is clicked on&#xD;
&#xD;
2019-10-25 15:38:21 - [TEST_STEP][PASSED] - checkElementsVisible(): null&#xD;
&#xD;
2019-10-25 15:38:21 - [TEST_STEP][PASSED] - verifyElementVisible(findTestObject("Object Repository/Dashboard/miniAvatarIcon")): Object 'Object Repository/Dashboard/miniAvatarIcon' is visible&#xD;
&#xD;
2019-10-25 15:38:21 - [MESSAGE][PASSED] - Object 'Object Repository/Dashboard/miniAvatarIcon' is visible&#xD;
&#xD;
2019-10-25 15:38:21 - [TEST_STEP][PASSED] - verifyElementVisible(findTestObject("Object Repository/Dashboard/DashboardHeader")): Object 'Object Repository/Dashboard/DashboardHeader' is visible&#xD;
&#xD;
2019-10-25 15:38:21 - [MESSAGE][PASSED] - Object 'Object Repository/Dashboard/DashboardHeader' is visible&#xD;
&#xD;
2019-10-25 15:38:21 - [TEST_STEP][PASSED] - verifyElementVisible(findTestObject("Object Repository/Dashboard/time")): Object 'Object Repository/Dashboard/time' is visible&#xD;
&#xD;
2019-10-25 15:38:21 - [MESSAGE][PASSED] - Object 'Object Repository/Dashboard/time' is visible&#xD;
&#xD;
2019-10-25 15:38:21 - [TEST_STEP][PASSED] - verifyElementVisible(findTestObject("Object Repository/Dashboard/TitleOfPage")): Object 'Object Repository/Dashboard/TitleOfPage' is visible&#xD;
&#xD;
2019-10-25 15:38:21 - [MESSAGE][PASSED] - Object 'Object Repository/Dashboard/TitleOfPage' is visible&#xD;
&#xD;
2019-10-25 15:38:21 - [TEST_STEP][PASSED] - checkElementsPresents(): null&#xD;
&#xD;
2019-10-25 15:38:21 - [TEST_STEP][PASSED] - verifyElementPresent(findTestObject("Object Repository/Dashboard/DashboardHeader"), 1): Object 'Object Repository/Dashboard/DashboardHeader' is present&#xD;
&#xD;
2019-10-25 15:38:22 - [MESSAGE][PASSED] - Object 'Object Repository/Dashboard/DashboardHeader' is present&#xD;
&#xD;
2019-10-25 15:38:22 - [TEST_STEP][PASSED] - verifyElementPresent(findTestObject("Object Repository/Dashboard/DashboardHeader"), 1): Object 'Object Repository/Dashboard/DashboardHeader' is present&#xD;
&#xD;
2019-10-25 15:38:22 - [MESSAGE][PASSED] - Object 'Object Repository/Dashboard/DashboardHeader' is present&#xD;
&#xD;
2019-10-25 15:38:22 - [TEST_STEP][PASSED] - verifyElementPresent(findTestObject("Object Repository/Dashboard/time"), 1): Object 'Object Repository/Dashboard/time' is present&#xD;
&#xD;
2019-10-25 15:38:22 - [MESSAGE][PASSED] - Object 'Object Repository/Dashboard/time' is present&#xD;
&#xD;
2019-10-25 15:38:22 - [TEST_STEP][PASSED] - verifyElementPresent(findTestObject("Object Repository/Dashboard/TitleOfPage"), 1): Object 'Object Repository/Dashboard/TitleOfPage' is present&#xD;
&#xD;
2019-10-25 15:38:22 - [MESSAGE][PASSED] - Object 'Object Repository/Dashboard/TitleOfPage' is present</system-out>
            <system-err></system-err>
        </testcase>
        <testcase name="Test Cases/LoginPage/Login by Email" classname="Test Cases/LoginPage/Login by Email" status="PASSED">
            <system-out>2019-10-25 15:38:22 - [TEST_CASE][PASSED] - Test Cases/LoginPage/Login by Email: Test Cases/LoginPage/Login by Email&#xD;
&#xD;
2019-10-25 15:38:22 - [TEST_STEP][PASSED] - openBrowser("http://hcc-asset-server.program-ace.net/login"): Browser is opened with url: 'http://hcc-asset-server.program-ace.net/login'&#xD;
&#xD;
2019-10-25 15:38:22 - [MESSAGE][WARNING] - A browser is already opened. Closing browser and opening a new one&#xD;
&#xD;
2019-10-25 15:38:24 - [MESSAGE][INFO] - Starting 'Firefox' driver&#xD;
&#xD;
2019-10-25 15:38:33 - [MESSAGE][PASSED] - Browser is opened with url: 'http://hcc-asset-server.program-ace.net/login'&#xD;
&#xD;
2019-10-25 15:38:33 - [TEST_STEP][PASSED] - maximizeWindow(): Current window maximized&#xD;
&#xD;
2019-10-25 15:38:33 - [MESSAGE][PASSED] - Current window maximized&#xD;
&#xD;
2019-10-25 15:38:33 - [TEST_STEP][PASSED] - setText(findTestObject("LoginPage/EmailField(Username)"), Email, CONTINUE_ON_FAILURE): Text 'admin@example.com' is set on object 'Object Repository/LoginPage/EmailField(Username)'&#xD;
&#xD;
2019-10-25 15:38:34 - [MESSAGE][PASSED] - Text 'admin@example.com' is set on object 'Object Repository/LoginPage/EmailField(Username)'&#xD;
&#xD;
2019-10-25 15:38:34 - [TEST_STEP][PASSED] - setText(findTestObject("LoginPage/PasswordField"), Password, CONTINUE_ON_FAILURE): Text 'admin' is set on object 'Object Repository/LoginPage/PasswordField'&#xD;
&#xD;
2019-10-25 15:38:34 - [MESSAGE][PASSED] - Text 'admin' is set on object 'Object Repository/LoginPage/PasswordField'&#xD;
&#xD;
2019-10-25 15:38:34 - [TEST_STEP][PASSED] - click(findTestObject("LoginPage/Remember Me Checkbox")): Object: 'Object Repository/LoginPage/Remember Me Checkbox' is clicked on&#xD;
&#xD;
2019-10-25 15:38:34 - [MESSAGE][PASSED] - Object: 'Object Repository/LoginPage/Remember Me Checkbox' is clicked on&#xD;
&#xD;
2019-10-25 15:38:34 - [TEST_STEP][PASSED] - click(findTestObject("LoginPage/button_Login")): Object: 'Object Repository/LoginPage/button_Login' is clicked on&#xD;
&#xD;
2019-10-25 15:38:35 - [MESSAGE][PASSED] - Object: 'Object Repository/LoginPage/button_Login' is clicked on&#xD;
&#xD;
2019-10-25 15:38:35 - [TEST_STEP][PASSED] - checkElementsVisible(): null&#xD;
&#xD;
2019-10-25 15:38:35 - [TEST_STEP][PASSED] - verifyElementVisible(findTestObject("Object Repository/Dashboard/miniAvatarIcon")): Object 'Object Repository/Dashboard/miniAvatarIcon' is visible&#xD;
&#xD;
2019-10-25 15:38:35 - [MESSAGE][PASSED] - Object 'Object Repository/Dashboard/miniAvatarIcon' is visible&#xD;
&#xD;
2019-10-25 15:38:35 - [TEST_STEP][PASSED] - verifyElementVisible(findTestObject("Object Repository/Dashboard/DashboardHeader")): Object 'Object Repository/Dashboard/DashboardHeader' is visible&#xD;
&#xD;
2019-10-25 15:38:35 - [MESSAGE][PASSED] - Object 'Object Repository/Dashboard/DashboardHeader' is visible&#xD;
&#xD;
2019-10-25 15:38:35 - [TEST_STEP][PASSED] - verifyElementVisible(findTestObject("Object Repository/Dashboard/time")): Object 'Object Repository/Dashboard/time' is visible&#xD;
&#xD;
2019-10-25 15:38:35 - [MESSAGE][PASSED] - Object 'Object Repository/Dashboard/time' is visible&#xD;
&#xD;
2019-10-25 15:38:35 - [TEST_STEP][PASSED] - verifyElementVisible(findTestObject("Object Repository/Dashboard/TitleOfPage")): Object 'Object Repository/Dashboard/TitleOfPage' is visible&#xD;
&#xD;
2019-10-25 15:38:35 - [MESSAGE][PASSED] - Object 'Object Repository/Dashboard/TitleOfPage' is visible&#xD;
&#xD;
2019-10-25 15:38:35 - [TEST_STEP][PASSED] - checkElementsPresents(): null&#xD;
&#xD;
2019-10-25 15:38:35 - [TEST_STEP][PASSED] - verifyElementPresent(findTestObject("Object Repository/Dashboard/DashboardHeader"), 1): Object 'Object Repository/Dashboard/DashboardHeader' is present&#xD;
&#xD;
2019-10-25 15:38:35 - [MESSAGE][PASSED] - Object 'Object Repository/Dashboard/DashboardHeader' is present&#xD;
&#xD;
2019-10-25 15:38:35 - [TEST_STEP][PASSED] - verifyElementPresent(findTestObject("Object Repository/Dashboard/DashboardHeader"), 1): Object 'Object Repository/Dashboard/DashboardHeader' is present&#xD;
&#xD;
2019-10-25 15:38:35 - [MESSAGE][PASSED] - Object 'Object Repository/Dashboard/DashboardHeader' is present&#xD;
&#xD;
2019-10-25 15:38:35 - [TEST_STEP][PASSED] - verifyElementPresent(findTestObject("Object Repository/Dashboard/time"), 1): Object 'Object Repository/Dashboard/time' is present&#xD;
&#xD;
2019-10-25 15:38:35 - [MESSAGE][PASSED] - Object 'Object Repository/Dashboard/time' is present&#xD;
&#xD;
2019-10-25 15:38:35 - [TEST_STEP][PASSED] - verifyElementPresent(findTestObject("Object Repository/Dashboard/TitleOfPage"), 1): Object 'Object Repository/Dashboard/TitleOfPage' is present&#xD;
&#xD;
2019-10-25 15:38:35 - [MESSAGE][PASSED] - Object 'Object Repository/Dashboard/TitleOfPage' is present</system-out>
            <system-err></system-err>
        </testcase>
        <testcase name="Test Cases/LoginPage/Login by Email" classname="Test Cases/LoginPage/Login by Email" status="PASSED">
            <system-out>2019-10-25 15:38:35 - [TEST_CASE][PASSED] - Test Cases/LoginPage/Login by Email: Test Cases/LoginPage/Login by Email&#xD;
&#xD;
2019-10-25 15:38:35 - [TEST_STEP][PASSED] - openBrowser("http://hcc-asset-server.program-ace.net/login"): Browser is opened with url: 'http://hcc-asset-server.program-ace.net/login'&#xD;
&#xD;
2019-10-25 15:38:35 - [MESSAGE][WARNING] - A browser is already opened. Closing browser and opening a new one&#xD;
&#xD;
2019-10-25 15:38:36 - [MESSAGE][INFO] - Starting 'Firefox' driver&#xD;
&#xD;
2019-10-25 15:38:40 - [MESSAGE][PASSED] - Browser is opened with url: 'http://hcc-asset-server.program-ace.net/login'&#xD;
&#xD;
2019-10-25 15:38:40 - [TEST_STEP][PASSED] - maximizeWindow(): Current window maximized&#xD;
&#xD;
2019-10-25 15:38:40 - [MESSAGE][PASSED] - Current window maximized&#xD;
&#xD;
2019-10-25 15:38:40 - [TEST_STEP][PASSED] - setText(findTestObject("LoginPage/EmailField(Username)"), Email, CONTINUE_ON_FAILURE): Text 'admin1@gmail.com' is set on object 'Object Repository/LoginPage/EmailField(Username)'&#xD;
&#xD;
2019-10-25 15:38:41 - [MESSAGE][PASSED] - Text 'admin1@gmail.com' is set on object 'Object Repository/LoginPage/EmailField(Username)'&#xD;
&#xD;
2019-10-25 15:38:41 - [TEST_STEP][PASSED] - setText(findTestObject("LoginPage/PasswordField"), Password, CONTINUE_ON_FAILURE): Text 'admin1admin1' is set on object 'Object Repository/LoginPage/PasswordField'&#xD;
&#xD;
2019-10-25 15:38:41 - [MESSAGE][PASSED] - Text 'admin1admin1' is set on object 'Object Repository/LoginPage/PasswordField'&#xD;
&#xD;
2019-10-25 15:38:41 - [TEST_STEP][PASSED] - click(findTestObject("LoginPage/Remember Me Checkbox")): Object: 'Object Repository/LoginPage/Remember Me Checkbox' is clicked on&#xD;
&#xD;
2019-10-25 15:38:41 - [MESSAGE][PASSED] - Object: 'Object Repository/LoginPage/Remember Me Checkbox' is clicked on&#xD;
&#xD;
2019-10-25 15:38:41 - [TEST_STEP][PASSED] - click(findTestObject("LoginPage/button_Login")): Object: 'Object Repository/LoginPage/button_Login' is clicked on&#xD;
&#xD;
2019-10-25 15:38:42 - [MESSAGE][PASSED] - Object: 'Object Repository/LoginPage/button_Login' is clicked on&#xD;
&#xD;
2019-10-25 15:38:42 - [TEST_STEP][PASSED] - checkElementsVisible(): null&#xD;
&#xD;
2019-10-25 15:38:42 - [TEST_STEP][PASSED] - verifyElementVisible(findTestObject("Object Repository/Dashboard/miniAvatarIcon")): Object 'Object Repository/Dashboard/miniAvatarIcon' is visible&#xD;
&#xD;
2019-10-25 15:38:42 - [MESSAGE][PASSED] - Object 'Object Repository/Dashboard/miniAvatarIcon' is visible&#xD;
&#xD;
2019-10-25 15:38:42 - [TEST_STEP][PASSED] - verifyElementVisible(findTestObject("Object Repository/Dashboard/DashboardHeader")): Object 'Object Repository/Dashboard/DashboardHeader' is visible&#xD;
&#xD;
2019-10-25 15:38:42 - [MESSAGE][PASSED] - Object 'Object Repository/Dashboard/DashboardHeader' is visible&#xD;
&#xD;
2019-10-25 15:38:42 - [TEST_STEP][PASSED] - verifyElementVisible(findTestObject("Object Repository/Dashboard/time")): Object 'Object Repository/Dashboard/time' is visible&#xD;
&#xD;
2019-10-25 15:38:42 - [MESSAGE][PASSED] - Object 'Object Repository/Dashboard/time' is visible&#xD;
&#xD;
2019-10-25 15:38:42 - [TEST_STEP][PASSED] - verifyElementVisible(findTestObject("Object Repository/Dashboard/TitleOfPage")): Object 'Object Repository/Dashboard/TitleOfPage' is visible&#xD;
&#xD;
2019-10-25 15:38:42 - [MESSAGE][PASSED] - Object 'Object Repository/Dashboard/TitleOfPage' is visible&#xD;
&#xD;
2019-10-25 15:38:42 - [TEST_STEP][PASSED] - checkElementsPresents(): null&#xD;
&#xD;
2019-10-25 15:38:42 - [TEST_STEP][PASSED] - verifyElementPresent(findTestObject("Object Repository/Dashboard/DashboardHeader"), 1): Object 'Object Repository/Dashboard/DashboardHeader' is present&#xD;
&#xD;
2019-10-25 15:38:42 - [MESSAGE][PASSED] - Object 'Object Repository/Dashboard/DashboardHeader' is present&#xD;
&#xD;
2019-10-25 15:38:42 - [TEST_STEP][PASSED] - verifyElementPresent(findTestObject("Object Repository/Dashboard/DashboardHeader"), 1): Object 'Object Repository/Dashboard/DashboardHeader' is present&#xD;
&#xD;
2019-10-25 15:38:42 - [MESSAGE][PASSED] - Object 'Object Repository/Dashboard/DashboardHeader' is present&#xD;
&#xD;
2019-10-25 15:38:42 - [TEST_STEP][PASSED] - verifyElementPresent(findTestObject("Object Repository/Dashboard/time"), 1): Object 'Object Repository/Dashboard/time' is present&#xD;
&#xD;
2019-10-25 15:38:42 - [MESSAGE][PASSED] - Object 'Object Repository/Dashboard/time' is present&#xD;
&#xD;
2019-10-25 15:38:42 - [TEST_STEP][PASSED] - verifyElementPresent(findTestObject("Object Repository/Dashboard/TitleOfPage"), 1): Object 'Object Repository/Dashboard/TitleOfPage' is present&#xD;
&#xD;
2019-10-25 15:38:42 - [MESSAGE][PASSED] - Object 'Object Repository/Dashboard/TitleOfPage' is present</system-out>
            <system-err></system-err>
        </testcase>
        <testcase name="Test Cases/LoginPage/Login by Email" classname="Test Cases/LoginPage/Login by Email" status="PASSED">
            <system-out>2019-10-25 15:38:42 - [TEST_CASE][PASSED] - Test Cases/LoginPage/Login by Email: Test Cases/LoginPage/Login by Email&#xD;
&#xD;
2019-10-25 15:38:42 - [TEST_STEP][PASSED] - openBrowser("http://hcc-asset-server.program-ace.net/login"): Browser is opened with url: 'http://hcc-asset-server.program-ace.net/login'&#xD;
&#xD;
2019-10-25 15:38:42 - [MESSAGE][WARNING] - A browser is already opened. Closing browser and opening a new one&#xD;
&#xD;
2019-10-25 15:38:43 - [MESSAGE][INFO] - Starting 'Firefox' driver&#xD;
&#xD;
2019-10-25 15:38:48 - [MESSAGE][PASSED] - Browser is opened with url: 'http://hcc-asset-server.program-ace.net/login'&#xD;
&#xD;
2019-10-25 15:38:48 - [TEST_STEP][PASSED] - maximizeWindow(): Current window maximized&#xD;
&#xD;
2019-10-25 15:38:48 - [MESSAGE][PASSED] - Current window maximized&#xD;
&#xD;
2019-10-25 15:38:48 - [TEST_STEP][PASSED] - setText(findTestObject("LoginPage/EmailField(Username)"), Email, CONTINUE_ON_FAILURE): Text 'user1@gmail.com' is set on object 'Object Repository/LoginPage/EmailField(Username)'&#xD;
&#xD;
2019-10-25 15:38:48 - [MESSAGE][PASSED] - Text 'user1@gmail.com' is set on object 'Object Repository/LoginPage/EmailField(Username)'&#xD;
&#xD;
2019-10-25 15:38:48 - [TEST_STEP][PASSED] - setText(findTestObject("LoginPage/PasswordField"), Password, CONTINUE_ON_FAILURE): Text 'user1user1' is set on object 'Object Repository/LoginPage/PasswordField'&#xD;
&#xD;
2019-10-25 15:38:48 - [MESSAGE][PASSED] - Text 'user1user1' is set on object 'Object Repository/LoginPage/PasswordField'&#xD;
&#xD;
2019-10-25 15:38:48 - [TEST_STEP][PASSED] - click(findTestObject("LoginPage/Remember Me Checkbox")): Object: 'Object Repository/LoginPage/Remember Me Checkbox' is clicked on&#xD;
&#xD;
2019-10-25 15:38:48 - [MESSAGE][PASSED] - Object: 'Object Repository/LoginPage/Remember Me Checkbox' is clicked on&#xD;
&#xD;
2019-10-25 15:38:48 - [TEST_STEP][PASSED] - click(findTestObject("LoginPage/button_Login")): Object: 'Object Repository/LoginPage/button_Login' is clicked on&#xD;
&#xD;
2019-10-25 15:38:49 - [MESSAGE][PASSED] - Object: 'Object Repository/LoginPage/button_Login' is clicked on&#xD;
&#xD;
2019-10-25 15:38:49 - [TEST_STEP][PASSED] - checkElementsVisible(): null&#xD;
&#xD;
2019-10-25 15:38:49 - [TEST_STEP][PASSED] - verifyElementVisible(findTestObject("Object Repository/Dashboard/miniAvatarIcon")): Object 'Object Repository/Dashboard/miniAvatarIcon' is visible&#xD;
&#xD;
2019-10-25 15:38:49 - [MESSAGE][PASSED] - Object 'Object Repository/Dashboard/miniAvatarIcon' is visible&#xD;
&#xD;
2019-10-25 15:38:49 - [TEST_STEP][PASSED] - verifyElementVisible(findTestObject("Object Repository/Dashboard/DashboardHeader")): Object 'Object Repository/Dashboard/DashboardHeader' is visible&#xD;
&#xD;
2019-10-25 15:38:49 - [MESSAGE][PASSED] - Object 'Object Repository/Dashboard/DashboardHeader' is visible&#xD;
&#xD;
2019-10-25 15:38:49 - [TEST_STEP][PASSED] - verifyElementVisible(findTestObject("Object Repository/Dashboard/time")): Object 'Object Repository/Dashboard/time' is visible&#xD;
&#xD;
2019-10-25 15:38:49 - [MESSAGE][PASSED] - Object 'Object Repository/Dashboard/time' is visible&#xD;
&#xD;
2019-10-25 15:38:49 - [TEST_STEP][PASSED] - verifyElementVisible(findTestObject("Object Repository/Dashboard/TitleOfPage")): Object 'Object Repository/Dashboard/TitleOfPage' is visible&#xD;
&#xD;
2019-10-25 15:38:50 - [MESSAGE][PASSED] - Object 'Object Repository/Dashboard/TitleOfPage' is visible&#xD;
&#xD;
2019-10-25 15:38:50 - [TEST_STEP][PASSED] - checkElementsPresents(): null&#xD;
&#xD;
2019-10-25 15:38:50 - [TEST_STEP][PASSED] - verifyElementPresent(findTestObject("Object Repository/Dashboard/DashboardHeader"), 1): Object 'Object Repository/Dashboard/DashboardHeader' is present&#xD;
&#xD;
2019-10-25 15:38:50 - [MESSAGE][PASSED] - Object 'Object Repository/Dashboard/DashboardHeader' is present&#xD;
&#xD;
2019-10-25 15:38:50 - [TEST_STEP][PASSED] - verifyElementPresent(findTestObject("Object Repository/Dashboard/DashboardHeader"), 1): Object 'Object Repository/Dashboard/DashboardHeader' is present&#xD;
&#xD;
2019-10-25 15:38:50 - [MESSAGE][PASSED] - Object 'Object Repository/Dashboard/DashboardHeader' is present&#xD;
&#xD;
2019-10-25 15:38:50 - [TEST_STEP][PASSED] - verifyElementPresent(findTestObject("Object Repository/Dashboard/time"), 1): Object 'Object Repository/Dashboard/time' is present&#xD;
&#xD;
2019-10-25 15:38:50 - [MESSAGE][PASSED] - Object 'Object Repository/Dashboard/time' is present&#xD;
&#xD;
2019-10-25 15:38:50 - [TEST_STEP][PASSED] - verifyElementPresent(findTestObject("Object Repository/Dashboard/TitleOfPage"), 1): Object 'Object Repository/Dashboard/TitleOfPage' is present&#xD;
&#xD;
2019-10-25 15:38:50 - [MESSAGE][PASSED] - Object 'Object Repository/Dashboard/TitleOfPage' is present</system-out>
            <system-err></system-err>
        </testcase>
        <testcase name="Test Cases/LoginPage/Login by Email" classname="Test Cases/LoginPage/Login by Email" status="PASSED">
            <system-out>2019-10-25 15:38:50 - [TEST_CASE][PASSED] - Test Cases/LoginPage/Login by Email: Test Cases/LoginPage/Login by Email&#xD;
&#xD;
2019-10-25 15:38:50 - [TEST_STEP][PASSED] - openBrowser("http://hcc-asset-server.program-ace.net/login"): Browser is opened with url: 'http://hcc-asset-server.program-ace.net/login'&#xD;
&#xD;
2019-10-25 15:38:50 - [MESSAGE][WARNING] - A browser is already opened. Closing browser and opening a new one&#xD;
&#xD;
2019-10-25 15:38:51 - [MESSAGE][INFO] - Starting 'Firefox' driver&#xD;
&#xD;
2019-10-25 15:38:55 - [MESSAGE][PASSED] - Browser is opened with url: 'http://hcc-asset-server.program-ace.net/login'&#xD;
&#xD;
2019-10-25 15:38:55 - [TEST_STEP][PASSED] - maximizeWindow(): Current window maximized&#xD;
&#xD;
2019-10-25 15:38:55 - [MESSAGE][PASSED] - Current window maximized&#xD;
&#xD;
2019-10-25 15:38:55 - [TEST_STEP][PASSED] - setText(findTestObject("LoginPage/EmailField(Username)"), Email, CONTINUE_ON_FAILURE): Text 'manager@gmail.com' is set on object 'Object Repository/LoginPage/EmailField(Username)'&#xD;
&#xD;
2019-10-25 15:38:55 - [MESSAGE][PASSED] - Text 'manager@gmail.com' is set on object 'Object Repository/LoginPage/EmailField(Username)'&#xD;
&#xD;
2019-10-25 15:38:55 - [TEST_STEP][PASSED] - setText(findTestObject("LoginPage/PasswordField"), Password, CONTINUE_ON_FAILURE): Text 'manager1manager1' is set on object 'Object Repository/LoginPage/PasswordField'&#xD;
&#xD;
2019-10-25 15:38:55 - [MESSAGE][PASSED] - Text 'manager1manager1' is set on object 'Object Repository/LoginPage/PasswordField'&#xD;
&#xD;
2019-10-25 15:38:55 - [TEST_STEP][PASSED] - click(findTestObject("LoginPage/Remember Me Checkbox")): Object: 'Object Repository/LoginPage/Remember Me Checkbox' is clicked on&#xD;
&#xD;
2019-10-25 15:38:56 - [MESSAGE][PASSED] - Object: 'Object Repository/LoginPage/Remember Me Checkbox' is clicked on&#xD;
&#xD;
2019-10-25 15:38:56 - [TEST_STEP][PASSED] - click(findTestObject("LoginPage/button_Login")): Object: 'Object Repository/LoginPage/button_Login' is clicked on&#xD;
&#xD;
2019-10-25 15:38:56 - [MESSAGE][PASSED] - Object: 'Object Repository/LoginPage/button_Login' is clicked on&#xD;
&#xD;
2019-10-25 15:38:56 - [TEST_STEP][PASSED] - checkElementsVisible(): null&#xD;
&#xD;
2019-10-25 15:38:56 - [TEST_STEP][PASSED] - verifyElementVisible(findTestObject("Object Repository/Dashboard/miniAvatarIcon")): Object 'Object Repository/Dashboard/miniAvatarIcon' is visible&#xD;
&#xD;
2019-10-25 15:38:57 - [MESSAGE][PASSED] - Object 'Object Repository/Dashboard/miniAvatarIcon' is visible&#xD;
&#xD;
2019-10-25 15:38:57 - [TEST_STEP][PASSED] - verifyElementVisible(findTestObject("Object Repository/Dashboard/DashboardHeader")): Object 'Object Repository/Dashboard/DashboardHeader' is visible&#xD;
&#xD;
2019-10-25 15:38:57 - [MESSAGE][PASSED] - Object 'Object Repository/Dashboard/DashboardHeader' is visible&#xD;
&#xD;
2019-10-25 15:38:57 - [TEST_STEP][PASSED] - verifyElementVisible(findTestObject("Object Repository/Dashboard/time")): Object 'Object Repository/Dashboard/time' is visible&#xD;
&#xD;
2019-10-25 15:38:57 - [MESSAGE][PASSED] - Object 'Object Repository/Dashboard/time' is visible&#xD;
&#xD;
2019-10-25 15:38:57 - [TEST_STEP][PASSED] - verifyElementVisible(findTestObject("Object Repository/Dashboard/TitleOfPage")): Object 'Object Repository/Dashboard/TitleOfPage' is visible&#xD;
&#xD;
2019-10-25 15:38:57 - [MESSAGE][PASSED] - Object 'Object Repository/Dashboard/TitleOfPage' is visible&#xD;
&#xD;
2019-10-25 15:38:57 - [TEST_STEP][PASSED] - checkElementsPresents(): null&#xD;
&#xD;
2019-10-25 15:38:57 - [TEST_STEP][PASSED] - verifyElementPresent(findTestObject("Object Repository/Dashboard/DashboardHeader"), 1): Object 'Object Repository/Dashboard/DashboardHeader' is present&#xD;
&#xD;
2019-10-25 15:38:57 - [MESSAGE][PASSED] - Object 'Object Repository/Dashboard/DashboardHeader' is present&#xD;
&#xD;
2019-10-25 15:38:57 - [TEST_STEP][PASSED] - verifyElementPresent(findTestObject("Object Repository/Dashboard/DashboardHeader"), 1): Object 'Object Repository/Dashboard/DashboardHeader' is present&#xD;
&#xD;
2019-10-25 15:38:57 - [MESSAGE][PASSED] - Object 'Object Repository/Dashboard/DashboardHeader' is present&#xD;
&#xD;
2019-10-25 15:38:57 - [TEST_STEP][PASSED] - verifyElementPresent(findTestObject("Object Repository/Dashboard/time"), 1): Object 'Object Repository/Dashboard/time' is present&#xD;
&#xD;
2019-10-25 15:38:57 - [MESSAGE][PASSED] - Object 'Object Repository/Dashboard/time' is present&#xD;
&#xD;
2019-10-25 15:38:57 - [TEST_STEP][PASSED] - verifyElementPresent(findTestObject("Object Repository/Dashboard/TitleOfPage"), 1): Object 'Object Repository/Dashboard/TitleOfPage' is present&#xD;
&#xD;
2019-10-25 15:38:57 - [MESSAGE][PASSED] - Object 'Object Repository/Dashboard/TitleOfPage' is present</system-out>
            <system-err></system-err>
        </testcase>
        <system-out>2019-10-25 15:37:47 - [TEST_SUITE][INCOMPLETE] - LoginPage: null</system-out>
        <system-err>2019-10-25 15:37:47 - [TEST_SUITE][INCOMPLETE] - LoginPage: null</system-err>
    </testsuite>
</testsuites>
